app/build/intermediates/manifest_merge_blame_file/debug/manifest-merger-blame-debug-report.txt
1<?xml version="1.0" encoding="utf-8"?>
2<manifest xmlns:android="http://schemas.android.com/apk/res/android"
3    package="com.wtcb.myprompter"
4    android:versionCode="2"
5    android:versionName="1.0.2" >
6
7    <uses-sdk
8        android:minSdkVersion="24"
9        android:targetSdkVersion="34" />
10
11    <uses-permission android:name="android.permission.CAMERA" />
11-->src\main\AndroidManifest.xml:5:5-65
11-->src\main\AndroidManifest.xml:5:22-62
12    <uses-permission android:name="android.permission.RECORD_AUDIO" />
12-->src\main\AndroidManifest.xml:6:5-71
12-->src\main\AndroidManifest.xml:6:22-68
13    <uses-permission
13-->src\main\AndroidManifest.xml:7:5-8:38
14        android:name="android.permission.WRITE_EXTERNAL_STORAGE"
14-->src\main\AndroidManifest.xml:7:22-78
15        android:maxSdkVersion="28" />
15-->src\main\AndroidManifest.xml:8:9-35
16    <uses-permission android:name="android.permission.READ_MEDIA_VIDEO" />
16-->src\main\AndroidManifest.xml:9:5-75
16-->src\main\AndroidManifest.xml:9:22-72
17    <uses-permission android:name="android.permission.READ_MEDIA_IMAGES" />
17-->src\main\AndroidManifest.xml:10:5-76
17-->src\main\AndroidManifest.xml:10:22-73
18    <uses-permission android:name="android.permission.INTERNET" />
18-->src\main\AndroidManifest.xml:11:5-67
18-->src\main\AndroidManifest.xml:11:22-64
19    <uses-permission android:name="android.permission.ACCESS_NETWORK_STATE" />
19-->src\main\AndroidManifest.xml:12:5-79
19-->src\main\AndroidManifest.xml:12:22-76
20
21    <uses-feature
21-->src\main\AndroidManifest.xml:14:5-85
22        android:name="android.hardware.camera"
22-->src\main\AndroidManifest.xml:14:19-57
23        android:required="false" />
23-->src\main\AndroidManifest.xml:14:58-82
24    <uses-feature
24-->src\main\AndroidManifest.xml:15:5-95
25        android:name="android.hardware.camera.autofocus"
25-->src\main\AndroidManifest.xml:15:19-67
26        android:required="false" />
26-->src\main\AndroidManifest.xml:15:68-92
27
28    <queries>
28-->[androidx.camera:camera-extensions:1.3.1] AndroidManifest.xml:22:5-26:15
29        <intent>
29-->[androidx.camera:camera-extensions:1.3.1] AndroidManifest.xml:23:9-25:18
30            <action android:name="androidx.camera.extensions.action.VENDOR_ACTION" />
30-->[androidx.camera:camera-extensions:1.3.1] AndroidManifest.xml:24:13-86
30-->[androidx.camera:camera-extensions:1.3.1] AndroidManifest.xml:24:21-83
31        </intent>
32        <!-- For browser content -->
33        <intent>
33-->[com.google.android.gms:play-services-ads-lite:22.6.0] AndroidManifest.xml:38:9-44:18
34            <action android:name="android.intent.action.VIEW" />
34-->[com.google.firebase:firebase-auth:22.3.0] AndroidManifest.xml:36:17-69
34-->[com.google.firebase:firebase-auth:22.3.0] AndroidManifest.xml:36:25-66
35
36            <category android:name="android.intent.category.BROWSABLE" />
36-->[com.google.firebase:firebase-auth:22.3.0] AndroidManifest.xml:39:17-78
36-->[com.google.firebase:firebase-auth:22.3.0] AndroidManifest.xml:39:27-75
37
38            <data android:scheme="https" />
38-->[com.google.firebase:firebase-auth:22.3.0] AndroidManifest.xml:41:17-44:51
38-->[com.google.firebase:firebase-auth:22.3.0] AndroidManifest.xml:44:21-48
39        </intent> <!-- End of browser content -->
40        <!-- For CustomTabsService -->
41        <intent>
41-->[com.google.android.gms:play-services-ads-lite:22.6.0] AndroidManifest.xml:47:9-49:18
42            <action android:name="android.support.customtabs.action.CustomTabsService" />
42-->[com.google.android.gms:play-services-ads-lite:22.6.0] AndroidManifest.xml:48:13-90
42-->[com.google.android.gms:play-services-ads-lite:22.6.0] AndroidManifest.xml:48:21-87
43        </intent>
44    </queries>
45
46    <uses-permission android:name="com.google.android.gms.permission.AD_ID" />
46-->[com.google.android.gms:play-services-ads-lite:22.6.0] AndroidManifest.xml:26:5-79
46-->[com.google.android.gms:play-services-ads-lite:22.6.0] AndroidManifest.xml:26:22-76
47    <uses-permission android:name="android.permission.ACCESS_ADSERVICES_AD_ID" />
47-->[com.google.android.gms:play-services-ads-lite:22.6.0] AndroidManifest.xml:27:5-82
47-->[com.google.android.gms:play-services-ads-lite:22.6.0] AndroidManifest.xml:27:22-79
48    <uses-permission android:name="android.permission.ACCESS_ADSERVICES_ATTRIBUTION" />
48-->[com.google.android.gms:play-services-ads-lite:22.6.0] AndroidManifest.xml:28:5-88
48-->[com.google.android.gms:play-services-ads-lite:22.6.0] AndroidManifest.xml:28:22-85
49    <uses-permission android:name="android.permission.ACCESS_ADSERVICES_TOPICS" />
49-->[com.google.android.gms:play-services-ads-lite:22.6.0] AndroidManifest.xml:29:5-83
49-->[com.google.android.gms:play-services-ads-lite:22.6.0] AndroidManifest.xml:29:22-80
50    <uses-permission android:name="android.permission.WAKE_LOCK" />
50-->[com.google.android.gms:play-services-measurement:21.5.0] AndroidManifest.xml:25:5-68
50-->[com.google.android.gms:play-services-measurement:21.5.0] AndroidManifest.xml:25:22-65
51    <uses-permission android:name="com.google.android.finsky.permission.BIND_GET_INSTALL_REFERRER_SERVICE" />
51-->[com.google.android.gms:play-services-measurement:21.5.0] AndroidManifest.xml:26:5-110
51-->[com.google.android.gms:play-services-measurement:21.5.0] AndroidManifest.xml:26:22-107
52    <uses-permission android:name="android.permission.FOREGROUND_SERVICE" />
52-->[androidx.work:work-runtime:2.7.0] AndroidManifest.xml:28:5-77
52-->[androidx.work:work-runtime:2.7.0] AndroidManifest.xml:28:22-74
53
54    <permission
54-->[androidx.core:core:1.12.0] AndroidManifest.xml:22:5-24:47
55        android:name="com.wtcb.myprompter.DYNAMIC_RECEIVER_NOT_EXPORTED_PERMISSION"
55-->[androidx.core:core:1.12.0] AndroidManifest.xml:23:9-81
56        android:protectionLevel="signature" />
56-->[androidx.core:core:1.12.0] AndroidManifest.xml:24:9-44
57
58    <uses-permission android:name="com.wtcb.myprompter.DYNAMIC_RECEIVER_NOT_EXPORTED_PERMISSION" />
58-->[androidx.core:core:1.12.0] AndroidManifest.xml:26:5-97
58-->[androidx.core:core:1.12.0] AndroidManifest.xml:26:22-94
59
60    <application
60-->src\main\AndroidManifest.xml:17:5-96:19
61        android:allowBackup="true"
61-->src\main\AndroidManifest.xml:18:9-35
62        android:appComponentFactory="androidx.core.app.CoreComponentFactory"
62-->[androidx.core:core:1.12.0] AndroidManifest.xml:28:18-86
63        android:dataExtractionRules="@xml/data_extraction_rules"
63-->src\main\AndroidManifest.xml:19:9-65
64        android:debuggable="true"
65        android:extractNativeLibs="false"
66        android:fullBackupContent="@xml/backup_rules"
66-->src\main\AndroidManifest.xml:20:9-54
67        android:icon="@mipmap/ic_launcher"
67-->src\main\AndroidManifest.xml:21:9-43
68        android:label="@string/app_name"
68-->src\main\AndroidManifest.xml:22:9-41
69        android:roundIcon="@mipmap/ic_launcher_round"
69-->src\main\AndroidManifest.xml:23:9-54
70        android:supportsRtl="true"
70-->src\main\AndroidManifest.xml:24:9-35
71        android:testOnly="true"
72        android:theme="@style/Theme.MyPrompter" >
72-->src\main\AndroidManifest.xml:25:9-48
73        <meta-data
73-->src\main\AndroidManifest.xml:28:9-30:69
74            android:name="com.google.android.gms.ads.APPLICATION_ID"
74-->src\main\AndroidManifest.xml:29:13-69
75            android:value="ca-app-pub-6214381980601535~6182796129" />
75-->src\main\AndroidManifest.xml:30:13-67
76
77        <!-- SPLASH SCREEN - LAUNCHER -->
78        <activity
78-->src\main\AndroidManifest.xml:33:9-42:20
79            android:name="com.wtcb.myprompter.SplashActivity"
79-->src\main\AndroidManifest.xml:34:13-43
80            android:exported="true"
80-->src\main\AndroidManifest.xml:35:13-36
81            android:screenOrientation="portrait"
81-->src\main\AndroidManifest.xml:37:13-49
82            android:theme="@style/SplashTheme" >
82-->src\main\AndroidManifest.xml:36:13-47
83            <intent-filter>
83-->src\main\AndroidManifest.xml:38:13-41:29
84                <action android:name="android.intent.action.MAIN" />
84-->src\main\AndroidManifest.xml:39:17-69
84-->src\main\AndroidManifest.xml:39:25-66
85
86                <category android:name="android.intent.category.LAUNCHER" />
86-->src\main\AndroidManifest.xml:40:17-77
86-->src\main\AndroidManifest.xml:40:27-74
87            </intent-filter>
88        </activity>
89
90        <!-- WELCOME WIZARD -->
91        <activity
91-->src\main\AndroidManifest.xml:45:9-49:52
92            android:name="com.wtcb.myprompter.WelcomeActivity"
92-->src\main\AndroidManifest.xml:46:13-44
93            android:exported="false"
93-->src\main\AndroidManifest.xml:47:13-37
94            android:screenOrientation="portrait"
94-->src\main\AndroidManifest.xml:49:13-49
95            android:theme="@style/Theme.MyPrompter.NoActionBar" />
95-->src\main\AndroidManifest.xml:48:13-64
96
97        <!-- LOGIN ACTIVITY -->
98        <activity
98-->src\main\AndroidManifest.xml:52:9-56:52
99            android:name="com.wtcb.myprompter.LoginActivity"
99-->src\main\AndroidManifest.xml:53:13-42
100            android:exported="false"
100-->src\main\AndroidManifest.xml:54:13-37
101            android:screenOrientation="portrait"
101-->src\main\AndroidManifest.xml:56:13-49
102            android:theme="@style/Theme.MyPrompter.NoActionBar" />
102-->src\main\AndroidManifest.xml:55:13-64
103
104        <!-- MAIN ACTIVITY -->
105        <activity
105-->src\main\AndroidManifest.xml:59:9-62:52
106            android:name="com.wtcb.myprompter.MainActivity"
106-->src\main\AndroidManifest.xml:60:13-41
107            android:exported="false"
107-->src\main\AndroidManifest.xml:61:13-37
108            android:screenOrientation="portrait" />
108-->src\main\AndroidManifest.xml:62:13-49
109
110        <!-- SCRIPTS ACTIVITY -->
111        <activity
111-->src\main\AndroidManifest.xml:65:9-69:58
112            android:name="com.wtcb.myprompter.ScriptsActivity"
112-->src\main\AndroidManifest.xml:66:13-44
113            android:exported="false"
113-->src\main\AndroidManifest.xml:67:13-37
114            android:label="Scripts &amp; Recordings"
114-->src\main\AndroidManifest.xml:68:13-53
115            android:parentActivityName="com.wtcb.myprompter.MainActivity" />
115-->src\main\AndroidManifest.xml:69:13-55
116
117        <!-- VIDEO PREVIEW ACTIVITY -->
118        <activity
118-->src\main\AndroidManifest.xml:72:9-75:52
119            android:name="com.wtcb.myprompter.VideoPreviewActivity"
119-->src\main\AndroidManifest.xml:73:13-49
120            android:exported="false"
120-->src\main\AndroidManifest.xml:74:13-37
121            android:screenOrientation="portrait" />
121-->src\main\AndroidManifest.xml:75:13-49
122
123        <!-- VIDEO TRIM ACTIVITY -->
124        <activity
124-->src\main\AndroidManifest.xml:78:9-81:52
125            android:name="com.wtcb.myprompter.VideoTrimActivity"
125-->src\main\AndroidManifest.xml:79:13-46
126            android:exported="false"
126-->src\main\AndroidManifest.xml:80:13-37
127            android:screenOrientation="portrait" />
127-->src\main\AndroidManifest.xml:81:13-49
128
129        <!-- ADD TEXT ACTIVITY -->
130        <activity
130-->src\main\AndroidManifest.xml:84:9-88:58
131            android:name="com.wtcb.myprompter.AddTextActivity"
131-->src\main\AndroidManifest.xml:85:13-44
132            android:exported="false"
132-->src\main\AndroidManifest.xml:86:13-37
133            android:screenOrientation="portrait"
133-->src\main\AndroidManifest.xml:87:13-49
134            android:windowSoftInputMode="adjustResize" />
134-->src\main\AndroidManifest.xml:88:13-55
135
136        <!-- ADD IMAGE ACTIVITY -->
137        <activity
137-->src\main\AndroidManifest.xml:91:9-94:52
138            android:name="com.wtcb.myprompter.AddImageActivity"
138-->src\main\AndroidManifest.xml:92:13-45
139            android:exported="false"
139-->src\main\AndroidManifest.xml:93:13-37
140            android:screenOrientation="portrait" />
140-->src\main\AndroidManifest.xml:94:13-49
141
142        <uses-library
142-->[androidx.camera:camera-extensions:1.3.1] AndroidManifest.xml:29:9-31:40
143            android:name="androidx.camera.extensions.impl"
143-->[androidx.camera:camera-extensions:1.3.1] AndroidManifest.xml:30:13-59
144            android:required="false" />
144-->[androidx.camera:camera-extensions:1.3.1] AndroidManifest.xml:31:13-37
145
146        <service
146-->[androidx.camera:camera-camera2:1.3.1] AndroidManifest.xml:24:9-33:19
147            android:name="androidx.camera.core.impl.MetadataHolderService"
147-->[androidx.camera:camera-camera2:1.3.1] AndroidManifest.xml:25:13-75
148            android:enabled="false"
148-->[androidx.camera:camera-camera2:1.3.1] AndroidManifest.xml:26:13-36
149            android:exported="false" >
149-->[androidx.camera:camera-camera2:1.3.1] AndroidManifest.xml:27:13-37
150            <meta-data
150-->[androidx.camera:camera-camera2:1.3.1] AndroidManifest.xml:30:13-32:89
151                android:name="androidx.camera.core.impl.MetadataHolderService.DEFAULT_CONFIG_PROVIDER"
151-->[androidx.camera:camera-camera2:1.3.1] AndroidManifest.xml:31:17-103
152                android:value="androidx.camera.camera2.Camera2Config$DefaultProvider" />
152-->[androidx.camera:camera-camera2:1.3.1] AndroidManifest.xml:32:17-86
153        </service>
154
155        <provider
155-->[androidx.emoji2:emoji2:1.2.0] AndroidManifest.xml:24:9-32:20
156            android:name="androidx.startup.InitializationProvider"
156-->[androidx.emoji2:emoji2:1.2.0] AndroidManifest.xml:25:13-67
157            android:authorities="com.wtcb.myprompter.androidx-startup"
157-->[androidx.emoji2:emoji2:1.2.0] AndroidManifest.xml:26:13-68
158            android:exported="false" >
158-->[androidx.emoji2:emoji2:1.2.0] AndroidManifest.xml:27:13-37
159            <meta-data
159-->[androidx.emoji2:emoji2:1.2.0] AndroidManifest.xml:29:13-31:52
160                android:name="androidx.emoji2.text.EmojiCompatInitializer"
160-->[androidx.emoji2:emoji2:1.2.0] AndroidManifest.xml:30:17-75
161                android:value="androidx.startup" />
161-->[androidx.emoji2:emoji2:1.2.0] AndroidManifest.xml:31:17-49
162            <meta-data
162-->[androidx.work:work-runtime:2.7.0] AndroidManifest.xml:36:13-38:52
163                android:name="androidx.work.WorkManagerInitializer"
163-->[androidx.work:work-runtime:2.7.0] AndroidManifest.xml:37:17-68
164                android:value="androidx.startup" />
164-->[androidx.work:work-runtime:2.7.0] AndroidManifest.xml:38:17-49
165            <meta-data
165-->[androidx.lifecycle:lifecycle-process:2.7.0] AndroidManifest.xml:29:13-31:52
166                android:name="androidx.lifecycle.ProcessLifecycleInitializer"
166-->[androidx.lifecycle:lifecycle-process:2.7.0] AndroidManifest.xml:30:17-78
167                android:value="androidx.startup" />
167-->[androidx.lifecycle:lifecycle-process:2.7.0] AndroidManifest.xml:31:17-49
168            <meta-data
168-->[androidx.profileinstaller:profileinstaller:1.3.0] AndroidManifest.xml:29:13-31:52
169                android:name="androidx.profileinstaller.ProfileInstallerInitializer"
169-->[androidx.profileinstaller:profileinstaller:1.3.0] AndroidManifest.xml:30:17-85
170                android:value="androidx.startup" />
170-->[androidx.profileinstaller:profileinstaller:1.3.0] AndroidManifest.xml:31:17-49
171        </provider>
172
173        <activity
173-->[com.google.android.gms:play-services-auth:20.7.0] AndroidManifest.xml:23:9-27:75
174            android:name="com.google.android.gms.auth.api.signin.internal.SignInHubActivity"
174-->[com.google.android.gms:play-services-auth:20.7.0] AndroidManifest.xml:24:13-93
175            android:excludeFromRecents="true"
175-->[com.google.android.gms:play-services-auth:20.7.0] AndroidManifest.xml:25:13-46
176            android:exported="false"
176-->[com.google.android.gms:play-services-auth:20.7.0] AndroidManifest.xml:26:13-37
177            android:theme="@android:style/Theme.Translucent.NoTitleBar" />
177-->[com.google.android.gms:play-services-auth:20.7.0] AndroidManifest.xml:27:13-72
178        <!--
179            Service handling Google Sign-In user revocation. For apps that do not integrate with
180            Google Sign-In, this service will never be started.
181        -->
182        <service
182-->[com.google.android.gms:play-services-auth:20.7.0] AndroidManifest.xml:33:9-37:51
183            android:name="com.google.android.gms.auth.api.signin.RevocationBoundService"
183-->[com.google.android.gms:play-services-auth:20.7.0] AndroidManifest.xml:34:13-89
184            android:exported="true"
184-->[com.google.android.gms:play-services-auth:20.7.0] AndroidManifest.xml:35:13-36
185            android:permission="com.google.android.gms.auth.api.signin.permission.REVOCATION_NOTIFICATION"
185-->[com.google.android.gms:play-services-auth:20.7.0] AndroidManifest.xml:36:13-107
186            android:visibleToInstantApps="true" />
186-->[com.google.android.gms:play-services-auth:20.7.0] AndroidManifest.xml:37:13-48
187        <service
187-->[com.google.firebase:firebase-auth-ktx:22.3.0] AndroidManifest.xml:8:9-14:19
188            android:name="com.google.firebase.components.ComponentDiscoveryService"
188-->[com.google.firebase:firebase-auth-ktx:22.3.0] AndroidManifest.xml:9:13-84
189            android:directBootAware="true"
189-->[com.google.firebase:firebase-common:20.4.2] AndroidManifest.xml:32:13-43
190            android:exported="false" >
190-->[com.google.firebase:firebase-auth-ktx:22.3.0] AndroidManifest.xml:10:13-37
191            <meta-data
191-->[com.google.firebase:firebase-auth-ktx:22.3.0] AndroidManifest.xml:11:13-13:85
192                android:name="com.google.firebase.components:com.google.firebase.auth.ktx.FirebaseAuthLegacyRegistrar"
192-->[com.google.firebase:firebase-auth-ktx:22.3.0] AndroidManifest.xml:12:17-119
193                android:value="com.google.firebase.components.ComponentRegistrar" />
193-->[com.google.firebase:firebase-auth-ktx:22.3.0] AndroidManifest.xml:13:17-82
194            <meta-data
194-->[com.google.firebase:firebase-auth:22.3.0] AndroidManifest.xml:69:13-71:85
195                android:name="com.google.firebase.components:com.google.firebase.auth.FirebaseAuthRegistrar"
195-->[com.google.firebase:firebase-auth:22.3.0] AndroidManifest.xml:70:17-109
196                android:value="com.google.firebase.components.ComponentRegistrar" />
196-->[com.google.firebase:firebase-auth:22.3.0] AndroidManifest.xml:71:17-82
197            <meta-data
197-->[com.google.firebase:firebase-firestore-ktx:24.10.0] AndroidManifest.xml:12:13-14:85
198                android:name="com.google.firebase.components:com.google.firebase.firestore.ktx.FirebaseFirestoreLegacyRegistrar"
198-->[com.google.firebase:firebase-firestore-ktx:24.10.0] AndroidManifest.xml:13:17-129
199                android:value="com.google.firebase.components.ComponentRegistrar" />
199-->[com.google.firebase:firebase-firestore-ktx:24.10.0] AndroidManifest.xml:14:17-82
200            <meta-data
200-->[com.google.firebase:firebase-firestore:24.10.0] AndroidManifest.xml:17:13-19:85
201                android:name="com.google.firebase.components:com.google.firebase.firestore.FirebaseFirestoreKtxRegistrar"
201-->[com.google.firebase:firebase-firestore:24.10.0] AndroidManifest.xml:18:17-122
202                android:value="com.google.firebase.components.ComponentRegistrar" />
202-->[com.google.firebase:firebase-firestore:24.10.0] AndroidManifest.xml:19:17-82
203            <meta-data
203-->[com.google.firebase:firebase-firestore:24.10.0] AndroidManifest.xml:20:13-22:85
204                android:name="com.google.firebase.components:com.google.firebase.firestore.FirestoreRegistrar"
204-->[com.google.firebase:firebase-firestore:24.10.0] AndroidManifest.xml:21:17-111
205                android:value="com.google.firebase.components.ComponentRegistrar" />
205-->[com.google.firebase:firebase-firestore:24.10.0] AndroidManifest.xml:22:17-82
206            <meta-data
206-->[com.google.firebase:firebase-analytics-ktx:21.5.0] AndroidManifest.xml:11:13-13:85
207                android:name="com.google.firebase.components:com.google.firebase.analytics.ktx.FirebaseAnalyticsLegacyRegistrar"
207-->[com.google.firebase:firebase-analytics-ktx:21.5.0] AndroidManifest.xml:12:17-129
208                android:value="com.google.firebase.components.ComponentRegistrar" />
208-->[com.google.firebase:firebase-analytics-ktx:21.5.0] AndroidManifest.xml:13:17-82
209            <meta-data
209-->[com.google.android.gms:play-services-measurement-api:21.5.0] AndroidManifest.xml:37:13-39:85
210                android:name="com.google.firebase.components:com.google.firebase.analytics.connector.internal.AnalyticsConnectorRegistrar"
210-->[com.google.android.gms:play-services-measurement-api:21.5.0] AndroidManifest.xml:38:17-139
211                android:value="com.google.firebase.components.ComponentRegistrar" />
211-->[com.google.android.gms:play-services-measurement-api:21.5.0] AndroidManifest.xml:39:17-82
212            <meta-data
212-->[com.google.firebase:firebase-installations:17.2.0] AndroidManifest.xml:15:13-17:85
213                android:name="com.google.firebase.components:com.google.firebase.installations.FirebaseInstallationsKtxRegistrar"
213-->[com.google.firebase:firebase-installations:17.2.0] AndroidManifest.xml:16:17-130
214                android:value="com.google.firebase.components.ComponentRegistrar" />
214-->[com.google.firebase:firebase-installations:17.2.0] AndroidManifest.xml:17:17-82
215            <meta-data
215-->[com.google.firebase:firebase-installations:17.2.0] AndroidManifest.xml:18:13-20:85
216                android:name="com.google.firebase.components:com.google.firebase.installations.FirebaseInstallationsRegistrar"
216-->[com.google.firebase:firebase-installations:17.2.0] AndroidManifest.xml:19:17-127
217                android:value="com.google.firebase.components.ComponentRegistrar" />
217-->[com.google.firebase:firebase-installations:17.2.0] AndroidManifest.xml:20:17-82
218            <meta-data
218-->[com.google.firebase:firebase-common-ktx:20.4.2] AndroidManifest.xml:12:13-14:85
219                android:name="com.google.firebase.components:com.google.firebase.ktx.FirebaseCommonLegacyRegistrar"
219-->[com.google.firebase:firebase-common-ktx:20.4.2] AndroidManifest.xml:13:17-116
220                android:value="com.google.firebase.components.ComponentRegistrar" />
220-->[com.google.firebase:firebase-common-ktx:20.4.2] AndroidManifest.xml:14:17-82
221            <meta-data
221-->[com.google.firebase:firebase-common:20.4.2] AndroidManifest.xml:35:13-37:85
222                android:name="com.google.firebase.components:com.google.firebase.FirebaseCommonKtxRegistrar"
222-->[com.google.firebase:firebase-common:20.4.2] AndroidManifest.xml:36:17-109
223                android:value="com.google.firebase.components.ComponentRegistrar" />
223-->[com.google.firebase:firebase-common:20.4.2] AndroidManifest.xml:37:17-82
224        </service>
225
226        <activity
226-->[com.google.firebase:firebase-auth:22.3.0] AndroidManifest.xml:29:9-46:20
227            android:name="com.google.firebase.auth.internal.GenericIdpActivity"
227-->[com.google.firebase:firebase-auth:22.3.0] AndroidManifest.xml:30:13-80
228            android:excludeFromRecents="true"
228-->[com.google.firebase:firebase-auth:22.3.0] AndroidManifest.xml:31:13-46
229            android:exported="true"
229-->[com.google.firebase:firebase-auth:22.3.0] AndroidManifest.xml:32:13-36
230            android:launchMode="singleTask"
230-->[com.google.firebase:firebase-auth:22.3.0] AndroidManifest.xml:33:13-44
231            android:theme="@android:style/Theme.Translucent.NoTitleBar" >
231-->[com.google.firebase:firebase-auth:22.3.0] AndroidManifest.xml:34:13-72
232            <intent-filter>
232-->[com.google.firebase:firebase-auth:22.3.0] AndroidManifest.xml:35:13-45:29
233                <action android:name="android.intent.action.VIEW" />
233-->[com.google.firebase:firebase-auth:22.3.0] AndroidManifest.xml:36:17-69
233-->[com.google.firebase:firebase-auth:22.3.0] AndroidManifest.xml:36:25-66
234
235                <category android:name="android.intent.category.DEFAULT" />
235-->[com.google.firebase:firebase-auth:22.3.0] AndroidManifest.xml:38:17-76
235-->[com.google.firebase:firebase-auth:22.3.0] AndroidManifest.xml:38:27-73
236                <category android:name="android.intent.category.BROWSABLE" />
236-->[com.google.firebase:firebase-auth:22.3.0] AndroidManifest.xml:39:17-78
236-->[com.google.firebase:firebase-auth:22.3.0] AndroidManifest.xml:39:27-75
237
238                <data
238-->[com.google.firebase:firebase-auth:22.3.0] AndroidManifest.xml:41:17-44:51
239                    android:host="firebase.auth"
239-->[com.google.firebase:firebase-auth:22.3.0] AndroidManifest.xml:42:21-49
240                    android:path="/"
240-->[com.google.firebase:firebase-auth:22.3.0] AndroidManifest.xml:43:21-37
241                    android:scheme="genericidp" />
241-->[com.google.firebase:firebase-auth:22.3.0] AndroidManifest.xml:44:21-48
242            </intent-filter>
243        </activity>
244        <activity
244-->[com.google.firebase:firebase-auth:22.3.0] AndroidManifest.xml:47:9-64:20
245            android:name="com.google.firebase.auth.internal.RecaptchaActivity"
245-->[com.google.firebase:firebase-auth:22.3.0] AndroidManifest.xml:48:13-79
246            android:excludeFromRecents="true"
246-->[com.google.firebase:firebase-auth:22.3.0] AndroidManifest.xml:49:13-46
247            android:exported="true"
247-->[com.google.firebase:firebase-auth:22.3.0] AndroidManifest.xml:50:13-36
248            android:launchMode="singleTask"
248-->[com.google.firebase:firebase-auth:22.3.0] AndroidManifest.xml:51:13-44
249            android:theme="@android:style/Theme.Translucent.NoTitleBar" >
249-->[com.google.firebase:firebase-auth:22.3.0] AndroidManifest.xml:52:13-72
250            <intent-filter>
250-->[com.google.firebase:firebase-auth:22.3.0] AndroidManifest.xml:53:13-63:29
251                <action android:name="android.intent.action.VIEW" />
251-->[com.google.firebase:firebase-auth:22.3.0] AndroidManifest.xml:36:17-69
251-->[com.google.firebase:firebase-auth:22.3.0] AndroidManifest.xml:36:25-66
252
253                <category android:name="android.intent.category.DEFAULT" />
253-->[com.google.firebase:firebase-auth:22.3.0] AndroidManifest.xml:38:17-76
253-->[com.google.firebase:firebase-auth:22.3.0] AndroidManifest.xml:38:27-73
254                <category android:name="android.intent.category.BROWSABLE" />
254-->[com.google.firebase:firebase-auth:22.3.0] AndroidManifest.xml:39:17-78
254-->[com.google.firebase:firebase-auth:22.3.0] AndroidManifest.xml:39:27-75
255
256                <data
256-->[com.google.firebase:firebase-auth:22.3.0] AndroidManifest.xml:41:17-44:51
257                    android:host="firebase.auth"
257-->[com.google.firebase:firebase-auth:22.3.0] AndroidManifest.xml:42:21-49
258                    android:path="/"
258-->[com.google.firebase:firebase-auth:22.3.0] AndroidManifest.xml:43:21-37
259                    android:scheme="recaptcha" />
259-->[com.google.firebase:firebase-auth:22.3.0] AndroidManifest.xml:44:21-48
260            </intent-filter>
261        </activity>
262        <activity
262-->[com.google.android.gms:play-services-base:18.0.1] AndroidManifest.xml:20:9-22:45
263            android:name="com.google.android.gms.common.api.GoogleApiActivity"
263-->[com.google.android.gms:play-services-base:18.0.1] AndroidManifest.xml:20:19-85
264            android:exported="false"
264-->[com.google.android.gms:play-services-base:18.0.1] AndroidManifest.xml:22:19-43
265            android:theme="@android:style/Theme.Translucent.NoTitleBar" /> <!-- Include the AdActivity and InAppPurchaseActivity configChanges and themes. -->
265-->[com.google.android.gms:play-services-base:18.0.1] AndroidManifest.xml:21:19-78
266        <activity
266-->[com.google.android.gms:play-services-ads-lite:22.6.0] AndroidManifest.xml:56:9-61:43
267            android:name="com.google.android.gms.ads.AdActivity"
267-->[com.google.android.gms:play-services-ads-lite:22.6.0] AndroidManifest.xml:57:13-65
268            android:configChanges="keyboard|keyboardHidden|orientation|screenLayout|uiMode|screenSize|smallestScreenSize"
268-->[com.google.android.gms:play-services-ads-lite:22.6.0] AndroidManifest.xml:58:13-122
269            android:exported="false"
269-->[com.google.android.gms:play-services-ads-lite:22.6.0] AndroidManifest.xml:59:13-37
270            android:theme="@android:style/Theme.Translucent" />
270-->[com.google.android.gms:play-services-ads-lite:22.6.0] AndroidManifest.xml:60:13-61
271
272        <provider
272-->[com.google.android.gms:play-services-ads-lite:22.6.0] AndroidManifest.xml:63:9-68:43
273            android:name="com.google.android.gms.ads.MobileAdsInitProvider"
273-->[com.google.android.gms:play-services-ads-lite:22.6.0] AndroidManifest.xml:64:13-76
274            android:authorities="com.wtcb.myprompter.mobileadsinitprovider"
274-->[com.google.android.gms:play-services-ads-lite:22.6.0] AndroidManifest.xml:65:13-73
275            android:exported="false"
275-->[com.google.android.gms:play-services-ads-lite:22.6.0] AndroidManifest.xml:66:13-37
276            android:initOrder="100" />
276-->[com.google.android.gms:play-services-ads-lite:22.6.0] AndroidManifest.xml:67:13-36
277
278        <service
278-->[com.google.android.gms:play-services-ads-lite:22.6.0] AndroidManifest.xml:70:9-74:43
279            android:name="com.google.android.gms.ads.AdService"
279-->[com.google.android.gms:play-services-ads-lite:22.6.0] AndroidManifest.xml:71:13-64
280            android:enabled="true"